  main.cpp
c:\users\jonat\desktop\cs3113_prof\project_template\windows\nyucodebase\nyucodebase\main.cpp(159): warning C4244: 'initializing': conversion from 'double' to 'float', possible loss of data
c:\users\jonat\desktop\cs3113_prof\project_template\windows\nyucodebase\nyucodebase\main.cpp(160): warning C4244: 'initializing': conversion from 'double' to 'float', possible loss of data
c:\users\jonat\desktop\cs3113_prof\project_template\windows\nyucodebase\nyucodebase\main.cpp(219): warning C4244: '=': conversion from 'int' to 'float', possible loss of data
c:\users\jonat\desktop\cs3113_prof\project_template\windows\nyucodebase\nyucodebase\main.cpp(222): warning C4244: '=': conversion from 'int' to 'float', possible loss of data
c:\users\jonat\desktop\cs3113_prof\project_template\windows\nyucodebase\nyucodebase\main.cpp(229): warning C4244: 'initializing': conversion from 'float' to 'unsigned int', possible loss of data
c:\users\jonat\desktop\cs3113_prof\project_template\windows\nyucodebase\nyucodebase\main.cpp(231): warning C4244: 'initializing': conversion from 'float' to 'unsigned int', possible loss of data
c:\users\jonat\desktop\cs3113_prof\project_template\windows\nyucodebase\nyucodebase\main.cpp(331): warning C4018: '<': signed/unsigned mismatch
c:\users\jonat\desktop\cs3113_prof\project_template\windows\nyucodebase\nyucodebase\main.cpp(468): warning C4305: '=': truncation from 'double' to 'T'
          with
          [
              T=float
          ]
c:\users\jonat\desktop\cs3113_prof\project_template\windows\nyucodebase\nyucodebase\main.cpp(472): warning C4305: '=': truncation from 'double' to 'T'
          with
          [
              T=float
          ]
c:\users\jonat\desktop\cs3113_prof\project_template\windows\nyucodebase\nyucodebase\main.cpp(501): warning C4018: '<': signed/unsigned mismatch
  NYUCodebase.vcxproj -> C:\Users\jonat\Desktop\CS3113_Prof\project_template\Windows\NYUCodebase\Debug\NYUCodebase.exe
